This file contains any messages produced by compilers while
running configure, to aid debugging if configure makes a mistake.

It was created by MK Livestatus configure 1.2.2p2, which was
generated by GNU Autoconf 2.67.  Invocation command line was

  $ ./configure --with-nagios4

## --------- ##
## Platform. ##
## --------- ##

hostname = seven3
uname -m = x86_64
uname -r = 3.10.0-957.el7.x86_64
uname -s = Linux
uname -v = #1 SMP Thu Nov 8 23:39:32 UTC 2018

/usr/bin/uname -p = x86_64
/bin/uname -X     = unknown

/bin/arch              = x86_64
/usr/bin/arch -k       = unknown
/usr/convex/getsysinfo = unknown
/usr/bin/hostinfo      = unknown
/bin/machine           = unknown
/usr/bin/oslevel       = unknown
/bin/universe          = unknown

PATH: /opt/rh/devtoolset-7/root/usr/bin
PATH: /usr/local/sbin
PATH: /usr/local/bin
PATH: /usr/sbin
PATH: /usr/bin
PATH: /root/bin


## ----------- ##
## Core tests. ##
## ----------- ##

configure:2385: checking for a BSD-compatible install
configure:2453: result: /usr/bin/install -c
configure:2464: checking whether build environment is sane
configure:2514: result: yes
configure:2655: checking for a thread-safe mkdir -p
configure:2694: result: /usr/bin/mkdir -p
configure:2707: checking for gawk
configure:2723: found /usr/bin/gawk
configure:2734: result: gawk
configure:2745: checking whether make sets $(MAKE)
configure:2767: result: yes
configure:2910: checking for g++
configure:2926: found /opt/rh/devtoolset-7/root/usr/bin/g++
configure:2937: result: g++
configure:2964: checking for C++ compiler version
configure:2973: g++ --version >&5
g++ (GCC) 7.3.1 20180303 (Red Hat 7.3.1-5)
Copyright (C) 2017 Free Software Foundation, Inc.
This is free software; see the source for copying conditions.  There is NO
warranty; not even for MERCHANTABILITY or FITNESS FOR A PARTICULAR PURPOSE.

configure:2984: $? = 0
configure:2973: g++ -v >&5
Using built-in specs.
COLLECT_GCC=g++
COLLECT_LTO_WRAPPER=/opt/rh/devtoolset-7/root/usr/libexec/gcc/x86_64-redhat-linux/7/lto-wrapper
Target: x86_64-redhat-linux
Configured with: ../configure --enable-bootstrap --enable-languages=c,c++,fortran,lto --prefix=/opt/rh/devtoolset-7/root/usr --mandir=/opt/rh/devtoolset-7/root/usr/share/man --infodir=/opt/rh/devtoolset-7/root/usr/share/info --with-bugurl=http://bugzilla.redhat.com/bugzilla --enable-shared --enable-threads=posix --enable-checking=release --enable-multilib --with-system-zlib --enable-__cxa_atexit --disable-libunwind-exceptions --enable-gnu-unique-object --enable-linker-build-id --with-gcc-major-version-only --enable-plugin --with-linker-hash-style=gnu --enable-initfini-array --with-default-libstdcxx-abi=gcc4-compatible --with-isl=/builddir/build/BUILD/gcc-7.3.1-20180303/obj-x86_64-redhat-linux/isl-install --enable-libmpx --enable-gnu-indirect-function --with-tune=generic --with-arch_32=i686 --build=x86_64-redhat-linux
Thread model: posix
gcc version 7.3.1 20180303 (Red Hat 7.3.1-5) (GCC) 
configure:2984: $? = 0
configure:2973: g++ -V >&5
g++: error: unrecognized command line option '-V'
g++: fatal error: no input files
compilation terminated.
configure:2984: $? = 1
configure:2973: g++ -qversion >&5
g++: error: unrecognized command line option '-qversion'; did you mean '--version'?
g++: fatal error: no input files
compilation terminated.
configure:2984: $? = 1
configure:3004: checking whether the C++ compiler works
configure:3026: g++    conftest.cpp  >&5
configure:3030: $? = 0
configure:3078: result: yes
configure:3081: checking for C++ compiler default output file name
configure:3083: result: a.out
configure:3089: checking for suffix of executables
configure:3096: g++ -o conftest    conftest.cpp  >&5
configure:3100: $? = 0
configure:3122: result: 
configure:3144: checking whether we are cross compiling
configure:3152: g++ -o conftest    conftest.cpp  >&5
configure:3156: $? = 0
configure:3163: ./conftest
configure:3167: $? = 0
configure:3182: result: no
configure:3187: checking for suffix of object files
configure:3209: g++ -c   conftest.cpp >&5
configure:3213: $? = 0
configure:3234: result: o
configure:3238: checking whether we are using the GNU C++ compiler
configure:3257: g++ -c   conftest.cpp >&5
configure:3257: $? = 0
configure:3266: result: yes
configure:3275: checking whether g++ accepts -g
configure:3295: g++ -c -g  conftest.cpp >&5
configure:3295: $? = 0
configure:3336: result: yes
configure:3370: checking for style of include used by make
configure:3398: result: GNU
configure:3423: checking dependency style of g++
configure:3533: result: gcc3
configure:3596: checking for gcc
configure:3612: found /opt/rh/devtoolset-7/root/usr/bin/gcc
configure:3623: result: gcc
configure:3852: checking for C compiler version
configure:3861: gcc --version >&5
gcc (GCC) 7.3.1 20180303 (Red Hat 7.3.1-5)
Copyright (C) 2017 Free Software Foundation, Inc.
This is free software; see the source for copying conditions.  There is NO
warranty; not even for MERCHANTABILITY or FITNESS FOR A PARTICULAR PURPOSE.

configure:3872: $? = 0
configure:3861: gcc -v >&5
Using built-in specs.
COLLECT_GCC=gcc
COLLECT_LTO_WRAPPER=/opt/rh/devtoolset-7/root/usr/libexec/gcc/x86_64-redhat-linux/7/lto-wrapper
Target: x86_64-redhat-linux
Configured with: ../configure --enable-bootstrap --enable-languages=c,c++,fortran,lto --prefix=/opt/rh/devtoolset-7/root/usr --mandir=/opt/rh/devtoolset-7/root/usr/share/man --infodir=/opt/rh/devtoolset-7/root/usr/share/info --with-bugurl=http://bugzilla.redhat.com/bugzilla --enable-shared --enable-threads=posix --enable-checking=release --enable-multilib --with-system-zlib --enable-__cxa_atexit --disable-libunwind-exceptions --enable-gnu-unique-object --enable-linker-build-id --with-gcc-major-version-only --enable-plugin --with-linker-hash-style=gnu --enable-initfini-array --with-default-libstdcxx-abi=gcc4-compatible --with-isl=/builddir/build/BUILD/gcc-7.3.1-20180303/obj-x86_64-redhat-linux/isl-install --enable-libmpx --enable-gnu-indirect-function --with-tune=generic --with-arch_32=i686 --build=x86_64-redhat-linux
Thread model: posix
gcc version 7.3.1 20180303 (Red Hat 7.3.1-5) (GCC) 
configure:3872: $? = 0
configure:3861: gcc -V >&5
gcc: error: unrecognized command line option '-V'
gcc: fatal error: no input files
compilation terminated.
configure:3872: $? = 1
configure:3861: gcc -qversion >&5
gcc: error: unrecognized command line option '-qversion'; did you mean '--version'?
gcc: fatal error: no input files
compilation terminated.
configure:3872: $? = 1
configure:3876: checking whether we are using the GNU C compiler
configure:3895: gcc -c   conftest.c >&5
configure:3895: $? = 0
configure:3904: result: yes
configure:3913: checking whether gcc accepts -g
configure:3933: gcc -c -g  conftest.c >&5
configure:3933: $? = 0
configure:3974: result: yes
configure:3991: checking for gcc option to accept ISO C89
configure:4055: gcc  -c -g -O2  conftest.c >&5
configure:4055: $? = 0
configure:4068: result: none needed
configure:4090: checking dependency style of gcc
configure:4200: result: gcc3
configure:4258: checking for ranlib
configure:4274: found /opt/rh/devtoolset-7/root/usr/bin/ranlib
configure:4285: result: ranlib
configure:4318: checking for socket in -lsocket
configure:4343: gcc -o conftest -g -O2   conftest.c -lsocket   >&5
/opt/rh/devtoolset-7/root/usr/libexec/gcc/x86_64-redhat-linux/7/ld: cannot find -lsocket
collect2: error: ld returned 1 exit status
configure:4343: $? = 1
configure: failed program was:
| /* confdefs.h */
| #define PACKAGE_NAME "MK Livestatus"
| #define PACKAGE_TARNAME "mk-livestatus"
| #define PACKAGE_VERSION "1.2.2p2"
| #define PACKAGE_STRING "MK Livestatus 1.2.2p2"
| #define PACKAGE_BUGREPORT "mk@mathias-kettner.de"
| #define PACKAGE_URL ""
| #define PACKAGE "mk-livestatus"
| #define VERSION "1.2.2p2"
| /* end confdefs.h.  */
| 
| /* Override any GCC internal prototype to avoid an error.
|    Use char because int might match the return type of a GCC
|    builtin and then its argument prototype would still apply.  */
| #ifdef __cplusplus
| extern "C"
| #endif
| char socket ();
| int
| main ()
| {
| return socket ();
|   ;
|   return 0;
| }
configure:4352: result: no
configure:4363: checking for connect in -lsocket
configure:4388: gcc -o conftest -g -O2   conftest.c -lsocket   >&5
/opt/rh/devtoolset-7/root/usr/libexec/gcc/x86_64-redhat-linux/7/ld: cannot find -lsocket
collect2: error: ld returned 1 exit status
configure:4388: $? = 1
configure: failed program was:
| /* confdefs.h */
| #define PACKAGE_NAME "MK Livestatus"
| #define PACKAGE_TARNAME "mk-livestatus"
| #define PACKAGE_VERSION "1.2.2p2"
| #define PACKAGE_STRING "MK Livestatus 1.2.2p2"
| #define PACKAGE_BUGREPORT "mk@mathias-kettner.de"
| #define PACKAGE_URL ""
| #define PACKAGE "mk-livestatus"
| #define VERSION "1.2.2p2"
| /* end confdefs.h.  */
| 
| /* Override any GCC internal prototype to avoid an error.
|    Use char because int might match the return type of a GCC
|    builtin and then its argument prototype would still apply.  */
| #ifdef __cplusplus
| extern "C"
| #endif
| char connect ();
| int
| main ()
| {
| return connect ();
|   ;
|   return 0;
| }
configure:4397: result: no
configure:4408: checking for shutdown in -lsocket
configure:4433: gcc -o conftest -g -O2   conftest.c -lsocket   >&5
/opt/rh/devtoolset-7/root/usr/libexec/gcc/x86_64-redhat-linux/7/ld: cannot find -lsocket
collect2: error: ld returned 1 exit status
configure:4433: $? = 1
configure: failed program was:
| /* confdefs.h */
| #define PACKAGE_NAME "MK Livestatus"
| #define PACKAGE_TARNAME "mk-livestatus"
| #define PACKAGE_VERSION "1.2.2p2"
| #define PACKAGE_STRING "MK Livestatus 1.2.2p2"
| #define PACKAGE_BUGREPORT "mk@mathias-kettner.de"
| #define PACKAGE_URL ""
| #define PACKAGE "mk-livestatus"
| #define VERSION "1.2.2p2"
| /* end confdefs.h.  */
| 
| /* Override any GCC internal prototype to avoid an error.
|    Use char because int might match the return type of a GCC
|    builtin and then its argument prototype would still apply.  */
| #ifdef __cplusplus
| extern "C"
| #endif
| char shutdown ();
| int
| main ()
| {
| return shutdown ();
|   ;
|   return 0;
| }
configure:4442: result: no
configure:4458: checking for dirent.h that defines DIR
configure:4477: gcc -c -g -O2  conftest.c >&5
configure:4477: $? = 0
configure:4485: result: yes
configure:4498: checking for library containing opendir
configure:4529: gcc -o conftest -g -O2   conftest.c  >&5
configure:4529: $? = 0
configure:4546: result: none required
configure:4618: checking how to run the C preprocessor
configure:4649: gcc -E  conftest.c
configure:4649: $? = 0
configure:4663: gcc -E  conftest.c
conftest.c:12:10: fatal error: ac_nonexistent.h: No such file or directory
 #include <ac_nonexistent.h>
          ^~~~~~~~~~~~~~~~~~
compilation terminated.
configure:4663: $? = 1
configure: failed program was:
| /* confdefs.h */
| #define PACKAGE_NAME "MK Livestatus"
| #define PACKAGE_TARNAME "mk-livestatus"
| #define PACKAGE_VERSION "1.2.2p2"
| #define PACKAGE_STRING "MK Livestatus 1.2.2p2"
| #define PACKAGE_BUGREPORT "mk@mathias-kettner.de"
| #define PACKAGE_URL ""
| #define PACKAGE "mk-livestatus"
| #define VERSION "1.2.2p2"
| #define HAVE_DIRENT_H 1
| /* end confdefs.h.  */
| #include <ac_nonexistent.h>
configure:4688: result: gcc -E
configure:4708: gcc -E  conftest.c
configure:4708: $? = 0
configure:4722: gcc -E  conftest.c
conftest.c:12:10: fatal error: ac_nonexistent.h: No such file or directory
 #include <ac_nonexistent.h>
          ^~~~~~~~~~~~~~~~~~
compilation terminated.
configure:4722: $? = 1
configure: failed program was:
| /* confdefs.h */
| #define PACKAGE_NAME "MK Livestatus"
| #define PACKAGE_TARNAME "mk-livestatus"
| #define PACKAGE_VERSION "1.2.2p2"
| #define PACKAGE_STRING "MK Livestatus 1.2.2p2"
| #define PACKAGE_BUGREPORT "mk@mathias-kettner.de"
| #define PACKAGE_URL ""
| #define PACKAGE "mk-livestatus"
| #define VERSION "1.2.2p2"
| #define HAVE_DIRENT_H 1
| /* end confdefs.h.  */
| #include <ac_nonexistent.h>
configure:4751: checking for grep that handles long lines and -e
configure:4809: result: /usr/bin/grep
configure:4814: checking for egrep
configure:4876: result: /usr/bin/grep -E
configure:4881: checking for ANSI C header files
configure:4901: gcc -c -g -O2  conftest.c >&5
configure:4901: $? = 0
configure:4974: gcc -o conftest -g -O2   conftest.c  >&5
configure:4974: $? = 0
configure:4974: ./conftest
configure:4974: $? = 0
configure:4985: result: yes
configure:4993: checking for sys/wait.h that is POSIX.1 compatible
configure:5019: gcc -c -g -O2  conftest.c >&5
configure:5019: $? = 0
configure:5026: result: yes
configure:5039: checking for sys/types.h
configure:5039: gcc -c -g -O2  conftest.c >&5
configure:5039: $? = 0
configure:5039: result: yes
configure:5039: checking for sys/stat.h
configure:5039: gcc -c -g -O2  conftest.c >&5
configure:5039: $? = 0
configure:5039: result: yes
configure:5039: checking for stdlib.h
configure:5039: gcc -c -g -O2  conftest.c >&5
configure:5039: $? = 0
configure:5039: result: yes
configure:5039: checking for string.h
configure:5039: gcc -c -g -O2  conftest.c >&5
configure:5039: $? = 0
configure:5039: result: yes
configure:5039: checking for memory.h
configure:5039: gcc -c -g -O2  conftest.c >&5
configure:5039: $? = 0
configure:5039: result: yes
configure:5039: checking for strings.h
configure:5039: gcc -c -g -O2  conftest.c >&5
configure:5039: $? = 0
configure:5039: result: yes
configure:5039: checking for inttypes.h
configure:5039: gcc -c -g -O2  conftest.c >&5
configure:5039: $? = 0
configure:5039: result: yes
configure:5039: checking for stdint.h
configure:5039: gcc -c -g -O2  conftest.c >&5
configure:5039: $? = 0
configure:5039: result: yes
configure:5039: checking for unistd.h
configure:5039: gcc -c -g -O2  conftest.c >&5
configure:5039: $? = 0
configure:5039: result: yes
configure:5054: checking arpa/inet.h usability
configure:5054: gcc -c -g -O2  conftest.c >&5
configure:5054: $? = 0
configure:5054: result: yes
configure:5054: checking arpa/inet.h presence
configure:5054: gcc -E  conftest.c
configure:5054: $? = 0
configure:5054: result: yes
configure:5054: checking for arpa/inet.h
configure:5054: result: yes
configure:5054: checking fcntl.h usability
configure:5054: gcc -c -g -O2  conftest.c >&5
configure:5054: $? = 0
configure:5054: result: yes
configure:5054: checking fcntl.h presence
configure:5054: gcc -E  conftest.c
configure:5054: $? = 0
configure:5054: result: yes
configure:5054: checking for fcntl.h
configure:5054: result: yes
configure:5054: checking limits.h usability
configure:5054: gcc -c -g -O2  conftest.c >&5
configure:5054: $? = 0
configure:5054: result: yes
configure:5054: checking limits.h presence
configure:5054: gcc -E  conftest.c
configure:5054: $? = 0
configure:5054: result: yes
configure:5054: checking for limits.h
configure:5054: result: yes
configure:5054: checking netdb.h usability
configure:5054: gcc -c -g -O2  conftest.c >&5
configure:5054: $? = 0
configure:5054: result: yes
configure:5054: checking netdb.h presence
configure:5054: gcc -E  conftest.c
configure:5054: $? = 0
configure:5054: result: yes
configure:5054: checking for netdb.h
configure:5054: result: yes
configure:5054: checking netinet/in.h usability
configure:5054: gcc -c -g -O2  conftest.c >&5
configure:5054: $? = 0
configure:5054: result: yes
configure:5054: checking netinet/in.h presence
configure:5054: gcc -E  conftest.c
configure:5054: $? = 0
configure:5054: result: yes
configure:5054: checking for netinet/in.h
configure:5054: result: yes
configure:5054: checking for stdint.h
configure:5054: result: yes
configure:5054: checking for stdlib.h
configure:5054: result: yes
configure:5054: checking for string.h
configure:5054: result: yes
configure:5054: checking for strings.h
configure:5054: result: yes
configure:5054: checking sys/socket.h usability
configure:5054: gcc -c -g -O2  conftest.c >&5
configure:5054: $? = 0
configure:5054: result: yes
configure:5054: checking sys/socket.h presence
configure:5054: gcc -E  conftest.c
configure:5054: $? = 0
configure:5054: result: yes
configure:5054: checking for sys/socket.h
configure:5054: result: yes
configure:5054: checking sys/time.h usability
configure:5054: gcc -c -g -O2  conftest.c >&5
configure:5054: $? = 0
configure:5054: result: yes
configure:5054: checking sys/time.h presence
configure:5054: gcc -E  conftest.c
configure:5054: $? = 0
configure:5054: result: yes
configure:5054: checking for sys/time.h
configure:5054: result: yes
configure:5054: checking sys/timeb.h usability
configure:5054: gcc -c -g -O2  conftest.c >&5
configure:5054: $? = 0
configure:5054: result: yes
configure:5054: checking sys/timeb.h presence
configure:5054: gcc -E  conftest.c
configure:5054: $? = 0
configure:5054: result: yes
configure:5054: checking for sys/timeb.h
configure:5054: result: yes
configure:5054: checking syslog.h usability
configure:5054: gcc -c -g -O2  conftest.c >&5
configure:5054: $? = 0
configure:5054: result: yes
configure:5054: checking syslog.h presence
configure:5054: gcc -E  conftest.c
configure:5054: $? = 0
configure:5054: result: yes
configure:5054: checking for syslog.h
configure:5054: result: yes
configure:5054: checking for unistd.h
configure:5054: result: yes
configure:5066: checking for stdbool.h that conforms to C99
configure:5151: gcc -c -g -O2  conftest.c >&5
configure:5151: $? = 0
configure:5158: result: yes
configure:5160: checking for _Bool
configure:5160: gcc -c -g -O2  conftest.c >&5
configure:5160: $? = 0
configure:5160: gcc -c -g -O2  conftest.c >&5
conftest.c: In function 'main':
conftest.c:73:20: error: expected expression before ')' token
 if (sizeof ((_Bool)))
                    ^
configure:5160: $? = 1
configure: failed program was:
| /* confdefs.h */
| #define PACKAGE_NAME "MK Livestatus"
| #define PACKAGE_TARNAME "mk-livestatus"
| #define PACKAGE_VERSION "1.2.2p2"
| #define PACKAGE_STRING "MK Livestatus 1.2.2p2"
| #define PACKAGE_BUGREPORT "mk@mathias-kettner.de"
| #define PACKAGE_URL ""
| #define PACKAGE "mk-livestatus"
| #define VERSION "1.2.2p2"
| #define HAVE_DIRENT_H 1
| #define STDC_HEADERS 1
| #define HAVE_SYS_WAIT_H 1
| #define HAVE_SYS_TYPES_H 1
| #define HAVE_SYS_STAT_H 1
| #define HAVE_STDLIB_H 1
| #define HAVE_STRING_H 1
| #define HAVE_MEMORY_H 1
| #define HAVE_STRINGS_H 1
| #define HAVE_INTTYPES_H 1
| #define HAVE_STDINT_H 1
| #define HAVE_UNISTD_H 1
| #define HAVE_ARPA_INET_H 1
| #define HAVE_FCNTL_H 1
| #define HAVE_LIMITS_H 1
| #define HAVE_NETDB_H 1
| #define HAVE_NETINET_IN_H 1
| #define HAVE_STDINT_H 1
| #define HAVE_STDLIB_H 1
| #define HAVE_STRING_H 1
| #define HAVE_STRINGS_H 1
| #define HAVE_SYS_SOCKET_H 1
| #define HAVE_SYS_TIME_H 1
| #define HAVE_SYS_TIMEB_H 1
| #define HAVE_SYSLOG_H 1
| #define HAVE_UNISTD_H 1
| /* end confdefs.h.  */
| #include <stdio.h>
| #ifdef HAVE_SYS_TYPES_H
| # include <sys/types.h>
| #endif
| #ifdef HAVE_SYS_STAT_H
| # include <sys/stat.h>
| #endif
| #ifdef STDC_HEADERS
| # include <stdlib.h>
| # include <stddef.h>
| #else
| # ifdef HAVE_STDLIB_H
| #  include <stdlib.h>
| # endif
| #endif
| #ifdef HAVE_STRING_H
| # if !defined STDC_HEADERS && defined HAVE_MEMORY_H
| #  include <memory.h>
| # endif
| # include <string.h>
| #endif
| #ifdef HAVE_STRINGS_H
| # include <strings.h>
| #endif
| #ifdef HAVE_INTTYPES_H
| # include <inttypes.h>
| #endif
| #ifdef HAVE_STDINT_H
| # include <stdint.h>
| #endif
| #ifdef HAVE_UNISTD_H
| # include <unistd.h>
| #endif
| int
| main ()
| {
| if (sizeof ((_Bool)))
| 	    return 0;
|   ;
|   return 0;
| }
configure:5160: result: yes
configure:5176: checking for an ANSI C-conforming const
configure:5241: gcc -c -g -O2  conftest.c >&5
configure:5241: $? = 0
configure:5248: result: yes
configure:5256: checking for inline
configure:5272: gcc -c -g -O2  conftest.c >&5
configure:5272: $? = 0
configure:5280: result: inline
configure:5298: checking for int32_t
configure:5298: gcc -c -g -O2  conftest.c >&5
configure:5298: $? = 0
configure:5298: gcc -c -g -O2  conftest.c >&5
conftest.c: In function 'main':
conftest.c:77:53: warning: integer overflow in expression [-Woverflow]
    < (int32_t) (((((int32_t) 1 << N) << N) - 1) * 2 + 2))];
                                                     ^
conftest.c:76:12: error: storage size of 'test_array' isn't constant
 static int test_array [1 - 2 * !((int32_t) (((((int32_t) 1 << N) << N) - 1) * 2 + 1)
            ^~~~~~~~~~
configure:5298: $? = 1
configure: failed program was:
| /* confdefs.h */
| #define PACKAGE_NAME "MK Livestatus"
| #define PACKAGE_TARNAME "mk-livestatus"
| #define PACKAGE_VERSION "1.2.2p2"
| #define PACKAGE_STRING "MK Livestatus 1.2.2p2"
| #define PACKAGE_BUGREPORT "mk@mathias-kettner.de"
| #define PACKAGE_URL ""
| #define PACKAGE "mk-livestatus"
| #define VERSION "1.2.2p2"
| #define HAVE_DIRENT_H 1
| #define STDC_HEADERS 1
| #define HAVE_SYS_WAIT_H 1
| #define HAVE_SYS_TYPES_H 1
| #define HAVE_SYS_STAT_H 1
| #define HAVE_STDLIB_H 1
| #define HAVE_STRING_H 1
| #define HAVE_MEMORY_H 1
| #define HAVE_STRINGS_H 1
| #define HAVE_INTTYPES_H 1
| #define HAVE_STDINT_H 1
| #define HAVE_UNISTD_H 1
| #define HAVE_ARPA_INET_H 1
| #define HAVE_FCNTL_H 1
| #define HAVE_LIMITS_H 1
| #define HAVE_NETDB_H 1
| #define HAVE_NETINET_IN_H 1
| #define HAVE_STDINT_H 1
| #define HAVE_STDLIB_H 1
| #define HAVE_STRING_H 1
| #define HAVE_STRINGS_H 1
| #define HAVE_SYS_SOCKET_H 1
| #define HAVE_SYS_TIME_H 1
| #define HAVE_SYS_TIMEB_H 1
| #define HAVE_SYSLOG_H 1
| #define HAVE_UNISTD_H 1
| #define HAVE__BOOL 1
| #define HAVE_STDBOOL_H 1
| /* end confdefs.h.  */
| #include <stdio.h>
| #ifdef HAVE_SYS_TYPES_H
| # include <sys/types.h>
| #endif
| #ifdef HAVE_SYS_STAT_H
| # include <sys/stat.h>
| #endif
| #ifdef STDC_HEADERS
| # include <stdlib.h>
| # include <stddef.h>
| #else
| # ifdef HAVE_STDLIB_H
| #  include <stdlib.h>
| # endif
| #endif
| #ifdef HAVE_STRING_H
| # if !defined STDC_HEADERS && defined HAVE_MEMORY_H
| #  include <memory.h>
| # endif
| # include <string.h>
| #endif
| #ifdef HAVE_STRINGS_H
| # include <strings.h>
| #endif
| #ifdef HAVE_INTTYPES_H
| # include <inttypes.h>
| #endif
| #ifdef HAVE_STDINT_H
| # include <stdint.h>
| #endif
| #ifdef HAVE_UNISTD_H
| # include <unistd.h>
| #endif
| 	        enum { N = 32 / 2 - 1 };
| int
| main ()
| {
| static int test_array [1 - 2 * !((int32_t) (((((int32_t) 1 << N) << N) - 1) * 2 + 1)
| 		 < (int32_t) (((((int32_t) 1 << N) << N) - 1) * 2 + 2))];
| test_array [0] = 0
| 
|   ;
|   return 0;
| }
configure:5298: result: yes
configure:5309: checking for int64_t
configure:5309: gcc -c -g -O2  conftest.c >&5
configure:5309: $? = 0
configure:5309: gcc -c -g -O2  conftest.c >&5
conftest.c: In function 'main':
conftest.c:77:53: warning: integer overflow in expression [-Woverflow]
    < (int64_t) (((((int64_t) 1 << N) << N) - 1) * 2 + 2))];
                                                     ^
conftest.c:76:12: error: storage size of 'test_array' isn't constant
 static int test_array [1 - 2 * !((int64_t) (((((int64_t) 1 << N) << N) - 1) * 2 + 1)
            ^~~~~~~~~~
configure:5309: $? = 1
configure: failed program was:
| /* confdefs.h */
| #define PACKAGE_NAME "MK Livestatus"
| #define PACKAGE_TARNAME "mk-livestatus"
| #define PACKAGE_VERSION "1.2.2p2"
| #define PACKAGE_STRING "MK Livestatus 1.2.2p2"
| #define PACKAGE_BUGREPORT "mk@mathias-kettner.de"
| #define PACKAGE_URL ""
| #define PACKAGE "mk-livestatus"
| #define VERSION "1.2.2p2"
| #define HAVE_DIRENT_H 1
| #define STDC_HEADERS 1
| #define HAVE_SYS_WAIT_H 1
| #define HAVE_SYS_TYPES_H 1
| #define HAVE_SYS_STAT_H 1
| #define HAVE_STDLIB_H 1
| #define HAVE_STRING_H 1
| #define HAVE_MEMORY_H 1
| #define HAVE_STRINGS_H 1
| #define HAVE_INTTYPES_H 1
| #define HAVE_STDINT_H 1
| #define HAVE_UNISTD_H 1
| #define HAVE_ARPA_INET_H 1
| #define HAVE_FCNTL_H 1
| #define HAVE_LIMITS_H 1
| #define HAVE_NETDB_H 1
| #define HAVE_NETINET_IN_H 1
| #define HAVE_STDINT_H 1
| #define HAVE_STDLIB_H 1
| #define HAVE_STRING_H 1
| #define HAVE_STRINGS_H 1
| #define HAVE_SYS_SOCKET_H 1
| #define HAVE_SYS_TIME_H 1
| #define HAVE_SYS_TIMEB_H 1
| #define HAVE_SYSLOG_H 1
| #define HAVE_UNISTD_H 1
| #define HAVE__BOOL 1
| #define HAVE_STDBOOL_H 1
| /* end confdefs.h.  */
| #include <stdio.h>
| #ifdef HAVE_SYS_TYPES_H
| # include <sys/types.h>
| #endif
| #ifdef HAVE_SYS_STAT_H
| # include <sys/stat.h>
| #endif
| #ifdef STDC_HEADERS
| # include <stdlib.h>
| # include <stddef.h>
| #else
| # ifdef HAVE_STDLIB_H
| #  include <stdlib.h>
| # endif
| #endif
| #ifdef HAVE_STRING_H
| # if !defined STDC_HEADERS && defined HAVE_MEMORY_H
| #  include <memory.h>
| # endif
| # include <string.h>
| #endif
| #ifdef HAVE_STRINGS_H
| # include <strings.h>
| #endif
| #ifdef HAVE_INTTYPES_H
| # include <inttypes.h>
| #endif
| #ifdef HAVE_STDINT_H
| # include <stdint.h>
| #endif
| #ifdef HAVE_UNISTD_H
| # include <unistd.h>
| #endif
| 	        enum { N = 64 / 2 - 1 };
| int
| main ()
| {
| static int test_array [1 - 2 * !((int64_t) (((((int64_t) 1 << N) << N) - 1) * 2 + 1)
| 		 < (int64_t) (((((int64_t) 1 << N) << N) - 1) * 2 + 2))];
| test_array [0] = 0
| 
|   ;
|   return 0;
| }
configure:5309: result: yes
configure:5320: checking for size_t
configure:5320: gcc -c -g -O2  conftest.c >&5
configure:5320: $? = 0
configure:5320: gcc -c -g -O2  conftest.c >&5
conftest.c: In function 'main':
conftest.c:75:21: error: expected expression before ')' token
 if (sizeof ((size_t)))
                     ^
configure:5320: $? = 1
configure: failed program was:
| /* confdefs.h */
| #define PACKAGE_NAME "MK Livestatus"
| #define PACKAGE_TARNAME "mk-livestatus"
| #define PACKAGE_VERSION "1.2.2p2"
| #define PACKAGE_STRING "MK Livestatus 1.2.2p2"
| #define PACKAGE_BUGREPORT "mk@mathias-kettner.de"
| #define PACKAGE_URL ""
| #define PACKAGE "mk-livestatus"
| #define VERSION "1.2.2p2"
| #define HAVE_DIRENT_H 1
| #define STDC_HEADERS 1
| #define HAVE_SYS_WAIT_H 1
| #define HAVE_SYS_TYPES_H 1
| #define HAVE_SYS_STAT_H 1
| #define HAVE_STDLIB_H 1
| #define HAVE_STRING_H 1
| #define HAVE_MEMORY_H 1
| #define HAVE_STRINGS_H 1
| #define HAVE_INTTYPES_H 1
| #define HAVE_STDINT_H 1
| #define HAVE_UNISTD_H 1
| #define HAVE_ARPA_INET_H 1
| #define HAVE_FCNTL_H 1
| #define HAVE_LIMITS_H 1
| #define HAVE_NETDB_H 1
| #define HAVE_NETINET_IN_H 1
| #define HAVE_STDINT_H 1
| #define HAVE_STDLIB_H 1
| #define HAVE_STRING_H 1
| #define HAVE_STRINGS_H 1
| #define HAVE_SYS_SOCKET_H 1
| #define HAVE_SYS_TIME_H 1
| #define HAVE_SYS_TIMEB_H 1
| #define HAVE_SYSLOG_H 1
| #define HAVE_UNISTD_H 1
| #define HAVE__BOOL 1
| #define HAVE_STDBOOL_H 1
| /* end confdefs.h.  */
| #include <stdio.h>
| #ifdef HAVE_SYS_TYPES_H
| # include <sys/types.h>
| #endif
| #ifdef HAVE_SYS_STAT_H
| # include <sys/stat.h>
| #endif
| #ifdef STDC_HEADERS
| # include <stdlib.h>
| # include <stddef.h>
| #else
| # ifdef HAVE_STDLIB_H
| #  include <stdlib.h>
| # endif
| #endif
| #ifdef HAVE_STRING_H
| # if !defined STDC_HEADERS && defined HAVE_MEMORY_H
| #  include <memory.h>
| # endif
| # include <string.h>
| #endif
| #ifdef HAVE_STRINGS_H
| # include <strings.h>
| #endif
| #ifdef HAVE_INTTYPES_H
| # include <inttypes.h>
| #endif
| #ifdef HAVE_STDINT_H
| # include <stdint.h>
| #endif
| #ifdef HAVE_UNISTD_H
| # include <unistd.h>
| #endif
| int
| main ()
| {
| if (sizeof ((size_t)))
| 	    return 0;
|   ;
|   return 0;
| }
configure:5320: result: yes
configure:5331: checking for ssize_t
configure:5331: gcc -c -g -O2  conftest.c >&5
configure:5331: $? = 0
configure:5331: gcc -c -g -O2  conftest.c >&5
conftest.c: In function 'main':
conftest.c:75:22: error: expected expression before ')' token
 if (sizeof ((ssize_t)))
                      ^
configure:5331: $? = 1
configure: failed program was:
| /* confdefs.h */
| #define PACKAGE_NAME "MK Livestatus"
| #define PACKAGE_TARNAME "mk-livestatus"
| #define PACKAGE_VERSION "1.2.2p2"
| #define PACKAGE_STRING "MK Livestatus 1.2.2p2"
| #define PACKAGE_BUGREPORT "mk@mathias-kettner.de"
| #define PACKAGE_URL ""
| #define PACKAGE "mk-livestatus"
| #define VERSION "1.2.2p2"
| #define HAVE_DIRENT_H 1
| #define STDC_HEADERS 1
| #define HAVE_SYS_WAIT_H 1
| #define HAVE_SYS_TYPES_H 1
| #define HAVE_SYS_STAT_H 1
| #define HAVE_STDLIB_H 1
| #define HAVE_STRING_H 1
| #define HAVE_MEMORY_H 1
| #define HAVE_STRINGS_H 1
| #define HAVE_INTTYPES_H 1
| #define HAVE_STDINT_H 1
| #define HAVE_UNISTD_H 1
| #define HAVE_ARPA_INET_H 1
| #define HAVE_FCNTL_H 1
| #define HAVE_LIMITS_H 1
| #define HAVE_NETDB_H 1
| #define HAVE_NETINET_IN_H 1
| #define HAVE_STDINT_H 1
| #define HAVE_STDLIB_H 1
| #define HAVE_STRING_H 1
| #define HAVE_STRINGS_H 1
| #define HAVE_SYS_SOCKET_H 1
| #define HAVE_SYS_TIME_H 1
| #define HAVE_SYS_TIMEB_H 1
| #define HAVE_SYSLOG_H 1
| #define HAVE_UNISTD_H 1
| #define HAVE__BOOL 1
| #define HAVE_STDBOOL_H 1
| /* end confdefs.h.  */
| #include <stdio.h>
| #ifdef HAVE_SYS_TYPES_H
| # include <sys/types.h>
| #endif
| #ifdef HAVE_SYS_STAT_H
| # include <sys/stat.h>
| #endif
| #ifdef STDC_HEADERS
| # include <stdlib.h>
| # include <stddef.h>
| #else
| # ifdef HAVE_STDLIB_H
| #  include <stdlib.h>
| # endif
| #endif
| #ifdef HAVE_STRING_H
| # if !defined STDC_HEADERS && defined HAVE_MEMORY_H
| #  include <memory.h>
| # endif
| # include <string.h>
| #endif
| #ifdef HAVE_STRINGS_H
| # include <strings.h>
| #endif
| #ifdef HAVE_INTTYPES_H
| # include <inttypes.h>
| #endif
| #ifdef HAVE_STDINT_H
| # include <stdint.h>
| #endif
| #ifdef HAVE_UNISTD_H
| # include <unistd.h>
| #endif
| int
| main ()
| {
| if (sizeof ((ssize_t)))
| 	    return 0;
|   ;
|   return 0;
| }
configure:5331: result: yes
configure:5342: checking whether time.h and sys/time.h may both be included
configure:5362: gcc -c -g -O2  conftest.c >&5
configure:5362: $? = 0
configure:5369: result: yes
configure:5377: checking for uint32_t
configure:5377: gcc -c -g -O2  conftest.c >&5
configure:5377: $? = 0
configure:5377: result: yes
configure:5391: checking for uint64_t
configure:5391: gcc -c -g -O2  conftest.c >&5
configure:5391: $? = 0
configure:5391: result: yes
configure:5409: checking for stdlib.h
configure:5409: result: yes
configure:5419: checking for GNU libc compatible malloc
configure:5443: gcc -o conftest -g -O2   conftest.c  >&5
configure:5443: $? = 0
configure:5443: ./conftest
configure:5443: $? = 0
configure:5453: result: yes
configure:5476: checking for stdlib.h
configure:5476: result: yes
configure:5486: checking for GNU libc compatible realloc
configure:5510: gcc -o conftest -g -O2   conftest.c  >&5
configure:5510: $? = 0
configure:5510: ./conftest
configure:5510: $? = 0
configure:5520: result: yes
configure:5544: checking sys/select.h usability
configure:5544: gcc -c -g -O2  conftest.c >&5
configure:5544: $? = 0
configure:5544: result: yes
configure:5544: checking sys/select.h presence
configure:5544: gcc -E  conftest.c
configure:5544: $? = 0
configure:5544: result: yes
configure:5544: checking for sys/select.h
configure:5544: result: yes
configure:5544: checking for sys/socket.h
configure:5544: result: yes
configure:5554: checking types of arguments for select
configure:5582: gcc -c -g -O2  conftest.c >&5
configure:5582: $? = 0
configure:5593: result: int,fd_set *,struct timeval *
configure:5616: checking return type of signal handlers
configure:5634: gcc -c -g -O2  conftest.c >&5
conftest.c: In function 'main':
conftest.c:55:10: error: void value not ignored as it ought to be
 return *(signal (0, 0)) (0) == 1;
         ~^~~~~~~~~~~~~~~~~~
configure:5634: $? = 1
configure: failed program was:
| /* confdefs.h */
| #define PACKAGE_NAME "MK Livestatus"
| #define PACKAGE_TARNAME "mk-livestatus"
| #define PACKAGE_VERSION "1.2.2p2"
| #define PACKAGE_STRING "MK Livestatus 1.2.2p2"
| #define PACKAGE_BUGREPORT "mk@mathias-kettner.de"
| #define PACKAGE_URL ""
| #define PACKAGE "mk-livestatus"
| #define VERSION "1.2.2p2"
| #define HAVE_DIRENT_H 1
| #define STDC_HEADERS 1
| #define HAVE_SYS_WAIT_H 1
| #define HAVE_SYS_TYPES_H 1
| #define HAVE_SYS_STAT_H 1
| #define HAVE_STDLIB_H 1
| #define HAVE_STRING_H 1
| #define HAVE_MEMORY_H 1
| #define HAVE_STRINGS_H 1
| #define HAVE_INTTYPES_H 1
| #define HAVE_STDINT_H 1
| #define HAVE_UNISTD_H 1
| #define HAVE_ARPA_INET_H 1
| #define HAVE_FCNTL_H 1
| #define HAVE_LIMITS_H 1
| #define HAVE_NETDB_H 1
| #define HAVE_NETINET_IN_H 1
| #define HAVE_STDINT_H 1
| #define HAVE_STDLIB_H 1
| #define HAVE_STRING_H 1
| #define HAVE_STRINGS_H 1
| #define HAVE_SYS_SOCKET_H 1
| #define HAVE_SYS_TIME_H 1
| #define HAVE_SYS_TIMEB_H 1
| #define HAVE_SYSLOG_H 1
| #define HAVE_UNISTD_H 1
| #define HAVE__BOOL 1
| #define HAVE_STDBOOL_H 1
| #define TIME_WITH_SYS_TIME 1
| #define HAVE_STDLIB_H 1
| #define HAVE_MALLOC 1
| #define HAVE_STDLIB_H 1
| #define HAVE_REALLOC 1
| #define HAVE_SYS_SELECT_H 1
| #define HAVE_SYS_SOCKET_H 1
| #define SELECT_TYPE_ARG1 int
| #define SELECT_TYPE_ARG234 (fd_set *)
| #define SELECT_TYPE_ARG5 (struct timeval *)
| /* end confdefs.h.  */
| #include <sys/types.h>
| #include <signal.h>
| 
| int
| main ()
| {
| return *(signal (0, 0)) (0) == 1;
|   ;
|   return 0;
| }
configure:5641: result: void
configure:5649: checking whether lstat correctly handles trailing slash
configure:5675: gcc -o conftest -g -O2   conftest.c  >&5
configure:5675: $? = 0
configure:5675: ./conftest
configure:5675: $? = 0
configure:5692: result: yes
configure:5711: checking whether stat accepts an empty string
configure:5731: gcc -o conftest -g -O2   conftest.c  >&5
configure:5731: $? = 0
configure:5731: ./conftest
configure:5731: $? = 0
configure:5741: result: no
configure:5760: checking for bzero
configure:5760: gcc -o conftest -g -O2   conftest.c  >&5
conftest.c:74:6: warning: conflicting types for built-in function 'bzero' [-Wbuiltin-declaration-mismatch]
 char bzero ();
      ^~~~~
configure:5760: $? = 0
configure:5760: result: yes
configure:5760: checking for gettimeofday
configure:5760: gcc -o conftest -g -O2   conftest.c  >&5
configure:5760: $? = 0
configure:5760: result: yes
configure:5760: checking for memmove
configure:5760: gcc -o conftest -g -O2   conftest.c  >&5
conftest.c:76:6: warning: conflicting types for built-in function 'memmove' [-Wbuiltin-declaration-mismatch]
 char memmove ();
      ^~~~~~~
configure:5760: $? = 0
configure:5760: result: yes
configure:5760: checking for regcomp
configure:5760: gcc -o conftest -g -O2   conftest.c  >&5
configure:5760: $? = 0
configure:5760: result: yes
configure:5760: checking for select
configure:5760: gcc -o conftest -g -O2   conftest.c  >&5
configure:5760: $? = 0
configure:5760: result: yes
configure:5760: checking for socket
configure:5760: gcc -o conftest -g -O2   conftest.c  >&5
configure:5760: $? = 0
configure:5760: result: yes
configure:5760: checking for strcasecmp
configure:5760: gcc -o conftest -g -O2   conftest.c  >&5
conftest.c:80:6: warning: conflicting types for built-in function 'strcasecmp' [-Wbuiltin-declaration-mismatch]
 char strcasecmp ();
      ^~~~~~~~~~
configure:5760: $? = 0
configure:5760: result: yes
configure:5760: checking for strdup
configure:5760: gcc -o conftest -g -O2   conftest.c  >&5
conftest.c:81:6: warning: conflicting types for built-in function 'strdup' [-Wbuiltin-declaration-mismatch]
 char strdup ();
      ^~~~~~
configure:5760: $? = 0
configure:5760: result: yes
configure:5760: checking for strerror
configure:5760: gcc -o conftest -g -O2   conftest.c  >&5
configure:5760: $? = 0
configure:5760: result: yes
configure:5760: checking for strtoul
configure:5760: gcc -o conftest -g -O2   conftest.c  >&5
configure:5760: $? = 0
configure:5760: result: yes
configure:5899: creating ./config.status

## ---------------------- ##
## Running config.status. ##
## ---------------------- ##

This file was extended by MK Livestatus config.status 1.2.2p2, which was
generated by GNU Autoconf 2.67.  Invocation command line was

  CONFIG_FILES    = 
  CONFIG_HEADERS  = 
  CONFIG_LINKS    = 
  CONFIG_COMMANDS = 
  $ ./config.status 

on seven3

config.status:906: creating Makefile
config.status:906: creating src/Makefile
config.status:906: creating config.h
config.status:1086: config.h is unchanged
config.status:1134: executing depfiles commands
configure:7222: WARNING: unrecognized options: --with-nagios4

## ---------------- ##
## Cache variables. ##
## ---------------- ##

ac_cv_c_compiler_gnu=yes
ac_cv_c_const=yes
ac_cv_c_inline=inline
ac_cv_c_int32_t=yes
ac_cv_c_int64_t=yes
ac_cv_c_uint32_t=yes
ac_cv_c_uint64_t=yes
ac_cv_cxx_compiler_gnu=yes
ac_cv_env_CCC_set=
ac_cv_env_CCC_value=
ac_cv_env_CC_set=
ac_cv_env_CC_value=
ac_cv_env_CFLAGS_set=
ac_cv_env_CFLAGS_value=
ac_cv_env_CPPFLAGS_set=
ac_cv_env_CPPFLAGS_value=
ac_cv_env_CPP_set=
ac_cv_env_CPP_value=
ac_cv_env_CXXFLAGS_set=
ac_cv_env_CXXFLAGS_value=
ac_cv_env_CXX_set=
ac_cv_env_CXX_value=
ac_cv_env_LDFLAGS_set=
ac_cv_env_LDFLAGS_value=
ac_cv_env_LIBS_set=
ac_cv_env_LIBS_value=
ac_cv_env_build_alias_set=
ac_cv_env_build_alias_value=
ac_cv_env_host_alias_set=
ac_cv_env_host_alias_value=
ac_cv_env_target_alias_set=
ac_cv_env_target_alias_value=
ac_cv_func_bzero=yes
ac_cv_func_gettimeofday=yes
ac_cv_func_lstat_dereferences_slashed_symlink=yes
ac_cv_func_malloc_0_nonnull=yes
ac_cv_func_memmove=yes
ac_cv_func_realloc_0_nonnull=yes
ac_cv_func_regcomp=yes
ac_cv_func_select=yes
ac_cv_func_select_args='int,fd_set *,struct timeval *'
ac_cv_func_socket=yes
ac_cv_func_stat_empty_string_bug=no
ac_cv_func_strcasecmp=yes
ac_cv_func_strdup=yes
ac_cv_func_strerror=yes
ac_cv_func_strtoul=yes
ac_cv_header_arpa_inet_h=yes
ac_cv_header_dirent_dirent_h=yes
ac_cv_header_fcntl_h=yes
ac_cv_header_inttypes_h=yes
ac_cv_header_limits_h=yes
ac_cv_header_memory_h=yes
ac_cv_header_netdb_h=yes
ac_cv_header_netinet_in_h=yes
ac_cv_header_stdbool_h=yes
ac_cv_header_stdc=yes
ac_cv_header_stdint_h=yes
ac_cv_header_stdlib_h=yes
ac_cv_header_string_h=yes
ac_cv_header_strings_h=yes
ac_cv_header_sys_select_h=yes
ac_cv_header_sys_socket_h=yes
ac_cv_header_sys_stat_h=yes
ac_cv_header_sys_time_h=yes
ac_cv_header_sys_timeb_h=yes
ac_cv_header_sys_types_h=yes
ac_cv_header_sys_wait_h=yes
ac_cv_header_syslog_h=yes
ac_cv_header_time=yes
ac_cv_header_unistd_h=yes
ac_cv_lib_socket_connect=no
ac_cv_lib_socket_shutdown=no
ac_cv_lib_socket_socket=no
ac_cv_objext=o
ac_cv_path_EGREP='/usr/bin/grep -E'
ac_cv_path_GREP=/usr/bin/grep
ac_cv_path_install='/usr/bin/install -c'
ac_cv_path_mkdir=/usr/bin/mkdir
ac_cv_prog_AWK=gawk
ac_cv_prog_CPP='gcc -E'
ac_cv_prog_ac_ct_CC=gcc
ac_cv_prog_ac_ct_CXX=g++
ac_cv_prog_ac_ct_RANLIB=ranlib
ac_cv_prog_cc_c89=
ac_cv_prog_cc_g=yes
ac_cv_prog_cxx_g=yes
ac_cv_prog_make_make_set=yes
ac_cv_search_opendir='none required'
ac_cv_type__Bool=yes
ac_cv_type_signal=void
ac_cv_type_size_t=yes
ac_cv_type_ssize_t=yes
am_cv_CC_dependencies_compiler_type=gcc3
am_cv_CXX_dependencies_compiler_type=gcc3

## ----------------- ##
## Output variables. ##
## ----------------- ##

ACLOCAL='${SHELL} /root/test/liam/mk-livestatus-1.2.2p2/missing --run aclocal-1.11'
AMDEPBACKSLASH='\'
AMDEP_FALSE='#'
AMDEP_TRUE=''
AMTAR='${SHELL} /root/test/liam/mk-livestatus-1.2.2p2/missing --run tar'
AUTOCONF='${SHELL} /root/test/liam/mk-livestatus-1.2.2p2/missing --run autoconf'
AUTOHEADER='${SHELL} /root/test/liam/mk-livestatus-1.2.2p2/missing --run autoheader'
AUTOMAKE='${SHELL} /root/test/liam/mk-livestatus-1.2.2p2/missing --run automake-1.11'
AWK='gawk'
CC='gcc'
CCDEPMODE='depmode=gcc3'
CFLAGS='-g -O2'
CPP='gcc -E'
CPPFLAGS=''
CXX='g++'
CXXDEPMODE='depmode=gcc3'
CXXFLAGS='-g -O2'
CYGPATH_W='echo'
DEFS='-DHAVE_CONFIG_H'
DEPDIR='.deps'
ECHO_C=''
ECHO_N='-n'
ECHO_T=''
EGREP='/usr/bin/grep -E'
EXEEXT=''
GREP='/usr/bin/grep'
HAVE_DIET_FALSE=''
HAVE_DIET_TRUE='#'
INSTALL_DATA='${INSTALL} -m 644'
INSTALL_PROGRAM='${INSTALL}'
INSTALL_SCRIPT='${INSTALL}'
INSTALL_STRIP_PROGRAM='$(install_sh) -c -s'
LDFLAGS=''
LIBOBJS=''
LIBS=''
LTLIBOBJS=''
MAKEINFO='${SHELL} /root/test/liam/mk-livestatus-1.2.2p2/missing --run makeinfo'
MKDIR_P='/usr/bin/mkdir -p'
OBJEXT='o'
PACKAGE='mk-livestatus'
PACKAGE_BUGREPORT='mk@mathias-kettner.de'
PACKAGE_NAME='MK Livestatus'
PACKAGE_STRING='MK Livestatus 1.2.2p2'
PACKAGE_TARNAME='mk-livestatus'
PACKAGE_URL=''
PACKAGE_VERSION='1.2.2p2'
PATH_SEPARATOR=':'
RANLIB='ranlib'
SET_MAKE=''
SHELL='/bin/sh'
STRIP=''
VERSION='1.2.2p2'
ac_ct_CC='gcc'
ac_ct_CXX='g++'
am__EXEEXT_FALSE=''
am__EXEEXT_TRUE='#'
am__fastdepCC_FALSE='#'
am__fastdepCC_TRUE=''
am__fastdepCXX_FALSE='#'
am__fastdepCXX_TRUE=''
am__include='include'
am__isrc=''
am__leading_dot='.'
am__quote=''
am__tar='${AMTAR} chof - "$$tardir"'
am__untar='${AMTAR} xf -'
bindir='${exec_prefix}/bin'
build_alias=''
datadir='${datarootdir}'
datarootdir='${prefix}/share'
docdir='${datarootdir}/doc/${PACKAGE_TARNAME}'
dvidir='${docdir}'
exec_prefix='${prefix}'
host_alias=''
htmldir='${docdir}'
includedir='${prefix}/include'
infodir='${datarootdir}/info'
install_sh='${SHELL} /root/test/liam/mk-livestatus-1.2.2p2/install-sh'
libdir='${exec_prefix}/lib'
libexecdir='${exec_prefix}/libexec'
localedir='${datarootdir}/locale'
localstatedir='${prefix}/var'
mandir='${datarootdir}/man'
mkdir_p='/usr/bin/mkdir -p'
oldincludedir='/usr/include'
pdfdir='${docdir}'
prefix='/usr/local'
program_transform_name='s,x,x,'
psdir='${docdir}'
sbindir='${exec_prefix}/sbin'
sharedstatedir='${prefix}/com'
sysconfdir='${prefix}/etc'
target_alias=''

## ----------- ##
## confdefs.h. ##
## ----------- ##

/* confdefs.h */
#define PACKAGE_NAME "MK Livestatus"
#define PACKAGE_TARNAME "mk-livestatus"
#define PACKAGE_VERSION "1.2.2p2"
#define PACKAGE_STRING "MK Livestatus 1.2.2p2"
#define PACKAGE_BUGREPORT "mk@mathias-kettner.de"
#define PACKAGE_URL ""
#define PACKAGE "mk-livestatus"
#define VERSION "1.2.2p2"
#define HAVE_DIRENT_H 1
#define STDC_HEADERS 1
#define HAVE_SYS_WAIT_H 1
#define HAVE_SYS_TYPES_H 1
#define HAVE_SYS_STAT_H 1
#define HAVE_STDLIB_H 1
#define HAVE_STRING_H 1
#define HAVE_MEMORY_H 1
#define HAVE_STRINGS_H 1
#define HAVE_INTTYPES_H 1
#define HAVE_STDINT_H 1
#define HAVE_UNISTD_H 1
#define HAVE_ARPA_INET_H 1
#define HAVE_FCNTL_H 1
#define HAVE_LIMITS_H 1
#define HAVE_NETDB_H 1
#define HAVE_NETINET_IN_H 1
#define HAVE_STDINT_H 1
#define HAVE_STDLIB_H 1
#define HAVE_STRING_H 1
#define HAVE_STRINGS_H 1
#define HAVE_SYS_SOCKET_H 1
#define HAVE_SYS_TIME_H 1
#define HAVE_SYS_TIMEB_H 1
#define HAVE_SYSLOG_H 1
#define HAVE_UNISTD_H 1
#define HAVE__BOOL 1
#define HAVE_STDBOOL_H 1
#define TIME_WITH_SYS_TIME 1
#define HAVE_STDLIB_H 1
#define HAVE_MALLOC 1
#define HAVE_STDLIB_H 1
#define HAVE_REALLOC 1
#define HAVE_SYS_SELECT_H 1
#define HAVE_SYS_SOCKET_H 1
#define SELECT_TYPE_ARG1 int
#define SELECT_TYPE_ARG234 (fd_set *)
#define SELECT_TYPE_ARG5 (struct timeval *)
#define RETSIGTYPE void
#define LSTAT_FOLLOWS_SLASHED_SYMLINK 1
#define HAVE_BZERO 1
#define HAVE_GETTIMEOFDAY 1
#define HAVE_MEMMOVE 1
#define HAVE_REGCOMP 1
#define HAVE_SELECT 1
#define HAVE_SOCKET 1
#define HAVE_STRCASECMP 1
#define HAVE_STRDUP 1
#define HAVE_STRERROR 1
#define HAVE_STRTOUL 1

configure: exit 0
